{"/Users/bk/dev/wefra-digitaler-baukasten/dark-mode/dist/webpack:/DarkMode/src/dark-mode.js": {"path":"/Users/bk/dev/wefra-digitaler-baukasten/dark-mode/dist/webpack:/DarkMode/src/dark-mode.js","statementMap":{"0":{"start":{"line":1,"column":0},"end":{"line":1,"column":6}},"1":{"start":{"line":1,"column":18},"end":{"line":1,"column":null}},"2":{"start":{"line":2,"column":19},"end":{"line":2,"column":null}},"3":{"start":{"line":4,"column":26},"end":{"line":4,"column":null}},"4":{"start":{"line":6,"column":23},"end":{"line":23,"column":null}},"5":{"start":{"line":27,"column":30},"end":{"line":27,"column":29}},"6":{"start":{"line":27,"column":30},"end":{"line":51,"column":null}},"7":{"start":{"line":55,"column":8},"end":{"line":55,"column":null}},"8":{"start":{"line":59,"column":8},"end":{"line":59,"column":null}},"9":{"start":{"line":63,"column":8},"end":{"line":64,"column":null}},"10":{"start":{"line":64,"column":12},"end":{"line":64,"column":null}},"11":{"start":{"line":67,"column":13},"end":{"line":71,"column":null}},"12":{"start":{"line":75,"column":8},"end":{"line":75,"column":null}},"13":{"start":{"line":79,"column":8},"end":{"line":84,"column":null}},"14":{"start":{"line":87,"column":16},"end":{"line":90,"column":null}},"15":{"start":{"line":80,"column":12},"end":{"line":80,"column":null}},"16":{"start":{"line":82,"column":26},"end":{"line":82,"column":null}},"17":{"start":{"line":83,"column":12},"end":{"line":84,"column":null}},"18":{"start":{"line":96,"column":8},"end":{"line":120,"column":null}},"19":{"start":{"line":124,"column":22},"end":{"line":124,"column":null}},"20":{"start":{"line":125,"column":8},"end":{"line":125,"column":null}},"21":{"start":{"line":129,"column":21},"end":{"line":129,"column":null}},"22":{"start":{"line":131,"column":8},"end":{"line":132,"column":null}},"23":{"start":{"line":132,"column":12},"end":{"line":132,"column":null}},"24":{"start":{"line":135,"column":8},"end":{"line":140,"column":null}},"25":{"start":{"line":136,"column":12},"end":{"line":137,"column":null}},"26":{"start":{"line":137,"column":16},"end":{"line":137,"column":null}},"27":{"start":{"line":139,"column":12},"end":{"line":140,"column":null}},"28":{"start":{"line":140,"column":16},"end":{"line":140,"column":null}},"29":{"start":{"line":144,"column":8},"end":{"line":148,"column":null}},"30":{"start":{"line":152,"column":8},"end":{"line":152,"column":null}},"31":{"start":{"line":155,"column":24},"end":{"line":155,"column":null}},"32":{"start":{"line":156,"column":8},"end":{"line":157,"column":null}},"33":{"start":{"line":157,"column":12},"end":{"line":157,"column":null}},"34":{"start":{"line":162,"column":13},"end":{"line":163,"column":null}},"35":{"start":{"line":166,"column":31},"end":{"line":166,"column":null}},"36":{"start":{"line":167,"column":8},"end":{"line":170,"column":null}},"37":{"start":{"line":171,"column":24},"end":{"line":171,"column":null}},"38":{"start":{"line":172,"column":8},"end":{"line":173,"column":null}},"39":{"start":{"line":175,"column":29},"end":{"line":175,"column":null}},"40":{"start":{"line":176,"column":8},"end":{"line":183,"column":null}},"41":{"start":{"line":187,"column":13},"end":{"line":192,"column":null}},"42":{"start":{"line":197,"column":8},"end":{"line":198,"column":null}},"43":{"start":{"line":205,"column":22},"end":{"line":205,"column":null}},"44":{"start":{"line":206,"column":23},"end":{"line":206,"column":null}},"45":{"start":{"line":208,"column":20},"end":{"line":249,"column":13}},"46":{"start":{"line":249,"column":29},"end":{"line":249,"column":null}},"47":{"start":{"line":250,"column":8},"end":{"line":252,"column":null}},"48":{"start":{"line":258,"column":8},"end":{"line":258,"column":null}},"49":{"start":{"line":255,"column":31},"end":{"line":255,"column":20}},"50":{"start":{"line":255,"column":31},"end":{"line":255,"column":null}},"51":{"start":{"line":256,"column":18},"end":{"line":256,"column":null}},"52":{"start":{"line":257,"column":16},"end":{"line":257,"column":null}},"53":{"start":{"line":258,"column":30},"end":{"line":258,"column":null}},"54":{"start":{"line":259,"column":16},"end":{"line":259,"column":null}},"55":{"start":{"line":264,"column":8},"end":{"line":264,"column":null}}},"fnMap":{"0":{"name":"o","decl":{"start":{"line":1,"column":0},"end":{"line":1,"column":6}},"loc":{"start":{"line":1,"column":0},"end":{"line":1,"column":6}}},"1":{"name":"e","decl":{"start":{"line":27,"column":4},"end":{"line":27,"column":16}},"loc":{"start":{"line":27,"column":4},"end":{"line":51,"column":null}}},"2":{"name":"(anonymous_15)","decl":{"start":{"line":55,"column":8},"end":{"line":55,"column":13}},"loc":{"start":{"line":55,"column":8},"end":{"line":55,"column":null}}},"3":{"name":"(anonymous_16)","decl":{"start":{"line":59,"column":8},"end":{"line":59,"column":13}},"loc":{"start":{"line":59,"column":8},"end":{"line":59,"column":null}}},"4":{"name":"(anonymous_17)","decl":{"start":{"line":62,"column":12},"end":{"line":62,"column":null}},"loc":{"start":{"line":62,"column":12},"end":{"line":71,"column":null}}},"5":{"name":"(anonymous_18)","decl":{"start":{"line":75,"column":8},"end":{"line":75,"column":15}},"loc":{"start":{"line":75,"column":8},"end":{"line":75,"column":null}}},"6":{"name":"(anonymous_19)","decl":{"start":{"line":79,"column":8},"end":{"line":79,"column":13}},"loc":{"start":{"line":79,"column":8},"end":{"line":84,"column":null}}},"7":{"name":"(anonymous_20)","decl":{"start":{"line":95,"column":22},"end":{"line":95,"column":null}},"loc":{"start":{"line":95,"column":22},"end":{"line":120,"column":null}}},"8":{"name":"(anonymous_21)","decl":{"start":{"line":123,"column":29},"end":{"line":123,"column":null}},"loc":{"start":{"line":123,"column":29},"end":{"line":125,"column":null}}},"9":{"name":"(anonymous_22)","decl":{"start":{"line":129,"column":8},"end":{"line":129,"column":14}},"loc":{"start":{"line":129,"column":8},"end":{"line":148,"column":null}}},"10":{"name":"(anonymous_23)","decl":{"start":{"line":151,"column":17},"end":{"line":151,"column":null}},"loc":{"start":{"line":151,"column":17},"end":{"line":152,"column":null}}},"11":{"name":"(anonymous_24)","decl":{"start":{"line":155,"column":24},"end":{"line":155,"column":null}},"loc":{"start":{"line":155,"column":24},"end":{"line":157,"column":null}}},"12":{"name":"(anonymous_25)","decl":{"start":{"line":156,"column":53},"end":{"line":156,"column":54}},"loc":{"start":{"line":156,"column":54},"end":{"line":157,"column":null}}},"13":{"name":"(anonymous_26)","decl":{"start":{"line":161,"column":18},"end":{"line":161,"column":null}},"loc":{"start":{"line":161,"column":18},"end":{"line":183,"column":null}}},"14":{"name":"(anonymous_27)","decl":{"start":{"line":186,"column":28},"end":{"line":186,"column":null}},"loc":{"start":{"line":186,"column":28},"end":{"line":192,"column":null}}},"15":{"name":"(anonymous_28)","decl":{"start":{"line":197,"column":8},"end":{"line":197,"column":13}},"loc":{"start":{"line":197,"column":8},"end":{"line":198,"column":null}}},"16":{"name":"(anonymous_29)","decl":{"start":{"line":205,"column":8},"end":{"line":205,"column":14}},"loc":{"start":{"line":205,"column":8},"end":{"line":252,"column":null}}},"17":{"name":"(anonymous_30)","decl":{"start":{"line":258,"column":8},"end":{"line":258,"column":15}},"loc":{"start":{"line":258,"column":8},"end":{"line":264,"column":null}}}},"branchMap":{"0":{"loc":{"start":{"line":1,"column":0},"end":{"line":1,"column":6}},"type":"if","locations":[{"start":{"line":1,"column":0},"end":{"line":1,"column":6}},{"start":{"line":1,"column":0},"end":{"line":1,"column":6}}]},"1":{"loc":{"start":{"line":27,"column":30},"end":{"line":27,"column":null}},"type":"cond-expr","locations":[{"start":{"line":27,"column":30},"end":{"line":27,"column":null}},{"start":{"line":27,"column":26},"end":{"line":27,"column":30}}]},"2":{"loc":{"start":{"line":27,"column":30},"end":{"line":27,"column":null}},"type":"binary-expr","locations":[{"start":{"line":27,"column":30},"end":{"line":27,"column":null}},{"start":{"line":27,"column":30},"end":{"line":27,"column":null}}]},"3":{"loc":{"start":{"line":35,"column":13},"end":{"line":35,"column":null}},"type":"binary-expr","locations":[{"start":{"line":35,"column":13},"end":{"line":35,"column":null}},{"start":{"line":36,"column":12},"end":{"line":36,"column":null}}]},"4":{"loc":{"start":{"line":41,"column":13},"end":{"line":41,"column":null}},"type":"binary-expr","locations":[{"start":{"line":41,"column":13},"end":{"line":41,"column":null}},{"start":{"line":42,"column":16},"end":{"line":48,"column":null}}]},"5":{"loc":{"start":{"line":42,"column":16},"end":{"line":42,"column":null}},"type":"binary-expr","locations":[{"start":{"line":42,"column":16},"end":{"line":42,"column":null}},{"start":{"line":43,"column":16},"end":{"line":43,"column":null}}]},"6":{"loc":{"start":{"line":55,"column":8},"end":{"line":264,"column":null}},"type":"binary-expr","locations":[{"start":{"line":55,"column":8},"end":{"line":264,"column":null}}]},"7":{"loc":{"start":{"line":63,"column":8},"end":{"line":64,"column":null}},"type":"if","locations":[{"start":{"line":63,"column":8},"end":{"line":64,"column":null}},{"start":{"line":63,"column":8},"end":{"line":64,"column":null}}]},"8":{"loc":{"start":{"line":67,"column":13},"end":{"line":67,"column":null}},"type":"binary-expr","locations":[{"start":{"line":67,"column":13},"end":{"line":67,"column":null}},{"start":{"line":68,"column":12},"end":{"line":68,"column":null}}]},"9":{"loc":{"start":{"line":79,"column":8},"end":{"line":84,"column":null}},"type":"if","locations":[{"start":{"line":79,"column":8},"end":{"line":84,"column":null}},{"start":{"line":79,"column":8},"end":{"line":84,"column":null}}]},"10":{"loc":{"start":{"line":88,"column":16},"end":{"line":88,"column":null}},"type":"cond-expr","locations":[{"start":{"line":88,"column":16},"end":{"line":88,"column":null}},{"start":{"line":90,"column":16},"end":{"line":90,"column":null}}]},"11":{"loc":{"start":{"line":98,"column":12},"end":{"line":98,"column":null}},"type":"binary-expr","locations":[{"start":{"line":98,"column":12},"end":{"line":98,"column":null}},{"start":{"line":99,"column":16},"end":{"line":103,"column":null}}]},"12":{"loc":{"start":{"line":99,"column":16},"end":{"line":99,"column":null}},"type":"binary-expr","locations":[{"start":{"line":99,"column":16},"end":{"line":99,"column":null}},{"start":{"line":100,"column":16},"end":{"line":100,"column":null}}]},"13":{"loc":{"start":{"line":102,"column":16},"end":{"line":102,"column":null}},"type":"binary-expr","locations":[{"start":{"line":102,"column":16},"end":{"line":102,"column":null}},{"start":{"line":103,"column":16},"end":{"line":103,"column":null}}]},"14":{"loc":{"start":{"line":107,"column":12},"end":{"line":107,"column":null}},"type":"binary-expr","locations":[{"start":{"line":107,"column":12},"end":{"line":107,"column":null}},{"start":{"line":108,"column":16},"end":{"line":112,"column":null}}]},"15":{"loc":{"start":{"line":108,"column":16},"end":{"line":108,"column":null}},"type":"binary-expr","locations":[{"start":{"line":108,"column":16},"end":{"line":108,"column":null}},{"start":{"line":109,"column":16},"end":{"line":109,"column":null}}]},"16":{"loc":{"start":{"line":111,"column":16},"end":{"line":111,"column":null}},"type":"binary-expr","locations":[{"start":{"line":111,"column":16},"end":{"line":111,"column":null}},{"start":{"line":112,"column":16},"end":{"line":112,"column":null}}]},"17":{"loc":{"start":{"line":116,"column":12},"end":{"line":116,"column":null}},"type":"binary-expr","locations":[{"start":{"line":116,"column":12},"end":{"line":116,"column":null}},{"start":{"line":117,"column":12},"end":{"line":117,"column":null}}]},"18":{"loc":{"start":{"line":131,"column":8},"end":{"line":132,"column":null}},"type":"if","locations":[{"start":{"line":131,"column":8},"end":{"line":132,"column":null}},{"start":{"line":131,"column":8},"end":{"line":132,"column":null}}]},"19":{"loc":{"start":{"line":135,"column":8},"end":{"line":140,"column":null}},"type":"if","locations":[{"start":{"line":135,"column":8},"end":{"line":140,"column":null}},{"start":{"line":135,"column":8},"end":{"line":140,"column":null}}]},"20":{"loc":{"start":{"line":136,"column":12},"end":{"line":137,"column":null}},"type":"if","locations":[{"start":{"line":136,"column":12},"end":{"line":137,"column":null}},{"start":{"line":136,"column":12},"end":{"line":137,"column":null}}]},"21":{"loc":{"start":{"line":139,"column":12},"end":{"line":140,"column":null}},"type":"if","locations":[{"start":{"line":139,"column":12},"end":{"line":140,"column":null}},{"start":{"line":139,"column":12},"end":{"line":140,"column":null}}]},"22":{"loc":{"start":{"line":145,"column":19},"end":{"line":145,"column":null}},"type":"cond-expr","locations":[{"start":{"line":145,"column":19},"end":{"line":145,"column":null}},{"start":{"line":148,"column":15},"end":{"line":148,"column":null}}]},"23":{"loc":{"start":{"line":152,"column":15},"end":{"line":152,"column":38}},"type":"binary-expr","locations":[{"start":{"line":152,"column":15},"end":{"line":152,"column":38}},{"start":{"line":152,"column":38},"end":{"line":152,"column":null}}]},"24":{"loc":{"start":{"line":157,"column":58},"end":{"line":157,"column":70}},"type":"cond-expr","locations":[{"start":{"line":157,"column":58},"end":{"line":157,"column":70}},{"start":{"line":157,"column":70},"end":{"line":157,"column":null}}]},"25":{"loc":{"start":{"line":162,"column":13},"end":{"line":162,"column":null}},"type":"binary-expr","locations":[{"start":{"line":162,"column":13},"end":{"line":162,"column":null}},{"start":{"line":163,"column":12},"end":{"line":163,"column":null}}]},"26":{"loc":{"start":{"line":187,"column":13},"end":{"line":187,"column":null}},"type":"binary-expr","locations":[{"start":{"line":187,"column":13},"end":{"line":187,"column":null}},{"start":{"line":191,"column":12},"end":{"line":191,"column":39}},{"start":{"line":191,"column":39},"end":{"line":191,"column":null}},{"start":{"line":192,"column":12},"end":{"line":192,"column":null}}]},"27":{"loc":{"start":{"line":201,"column":15},"end":{"line":201,"column":null}},"type":"cond-expr","locations":[{"start":{"line":201,"column":15},"end":{"line":201,"column":null}},{"start":{"line":198,"column":19},"end":{"line":198,"column":null}}]},"28":{"loc":{"start":{"line":255,"column":31},"end":{"line":255,"column":null}},"type":"cond-expr","locations":[{"start":{"line":255,"column":31},"end":{"line":255,"column":null}},{"start":{"line":255,"column":16},"end":{"line":255,"column":20}}]},"29":{"loc":{"start":{"line":255,"column":31},"end":{"line":255,"column":null}},"type":"binary-expr","locations":[{"start":{"line":255,"column":31},"end":{"line":255,"column":null}},{"start":{"line":255,"column":31},"end":{"line":255,"column":null}}]},"30":{"loc":{"start":{"line":255,"column":31},"end":{"line":255,"column":null}},"type":"binary-expr","locations":[{"start":{"line":255,"column":31},"end":{"line":255,"column":null}},{"start":{"line":255,"column":31},"end":{"line":255,"column":null}},{"start":{"line":255,"column":31},"end":{"line":255,"column":null}}]},"31":{"loc":{"start":{"line":260,"column":12},"end":{"line":260,"column":null}},"type":"binary-expr","locations":[{"start":{"line":260,"column":12},"end":{"line":260,"column":null}},{"start":{"line":261,"column":12},"end":{"line":262,"column":44}}]}},"s":{"0":742,"1":8,"2":8,"3":8,"4":8,"5":8,"6":8,"7":1,"8":1,"9":14,"10":1,"11":13,"12":16,"13":4,"14":1,"15":3,"16":3,"17":3,"18":17,"19":17,"20":17,"21":8,"22":8,"23":1,"24":7,"25":6,"26":1,"27":5,"28":1,"29":5,"30":38,"31":7,"32":7,"33":3,"34":7,"35":7,"36":7,"37":7,"38":7,"39":7,"40":7,"41":16,"42":8,"43":7,"44":7,"45":7,"46":7,"47":7,"48":15,"49":15,"50":15,"51":15,"52":15,"53":2,"54":15,"55":15},"f":{"0":358,"1":8,"2":1,"3":1,"4":14,"5":16,"6":4,"7":17,"8":17,"9":8,"10":38,"11":7,"12":3,"13":7,"14":16,"15":8,"16":7,"17":15},"b":{"0":[319,400],"1":[5,3],"2":[8,5],"3":[8,0],"4":[8,7],"5":[7,7],"6":[8],"7":[1,13],"8":[13,12],"9":[1,3],"10":[1,0],"11":[17,7],"12":[7,1],"13":[7,7],"14":[17,10],"15":[10,10],"16":[10,1],"17":[17,16],"18":[1,7],"19":[6,1],"20":[1,5],"21":[1,4],"22":[1,4],"23":[38,21],"24":[1,2],"25":[7,0],"26":[16,16,16,14],"27":[7,1],"28":[7,8],"29":[15,7],"30":[15,0,0],"31":[15,0]}}
,"/Users/bk/dev/wefra-digitaler-baukasten/dark-mode/dist/webpack:/DarkMode/webpack/bootstrap": {"path":"/Users/bk/dev/wefra-digitaler-baukasten/dark-mode/dist/webpack:/DarkMode/webpack/bootstrap","statementMap":{"0":{"start":{"line":2,"column":31},"end":{"line":2,"column":null}},"1":{"start":{"line":7,"column":1},"end":{"line":8,"column":null}},"2":{"start":{"line":8,"column":2},"end":{"line":8,"column":null}},"3":{"start":{"line":11,"column":14},"end":{"line":14,"column":null}},"4":{"start":{"line":21,"column":1},"end":{"line":21,"column":null}}},"fnMap":{"0":{"name":"n","decl":{"start":{"line":5,"column":9},"end":{"line":5,"column":29}},"loc":{"start":{"line":5,"column":29},"end":{"line":21,"column":null}}}},"branchMap":{"0":{"loc":{"start":{"line":7,"column":1},"end":{"line":8,"column":null}},"type":"if","locations":[{"start":{"line":7,"column":1},"end":{"line":8,"column":null}},{"start":{"line":7,"column":1},"end":{"line":8,"column":null}}]}},"s":{"0":8,"1":8,"2":0,"3":8,"4":8},"f":{"0":8},"b":{"0":[0,8]}}
,"/Users/bk/dev/wefra-digitaler-baukasten/dark-mode/dist/webpack:/DarkMode/webpack/startup": {"path":"/Users/bk/dev/wefra-digitaler-baukasten/dark-mode/dist/webpack:/DarkMode/webpack/startup","statementMap":{"0":{"start":{"line":4,"column":0},"end":{"line":4,"column":null}}},"fnMap":{},"branchMap":{},"s":{"0":8},"f":{},"b":{}}
,"/Users/bk/dev/wefra-digitaler-baukasten/dark-mode/dist/webpack:/DarkMode/webpack/universalModuleDefinition": {"path":"/Users/bk/dev/wefra-digitaler-baukasten/dark-mode/dist/webpack:/DarkMode/webpack/universalModuleDefinition","statementMap":{"0":{"start":{"line":2,"column":23},"end":{"line":9,"column":null}}},"fnMap":{"0":{"name":"(anonymous_0)","decl":{"start":{"line":1,"column":0},"end":{"line":1,"column":43}},"loc":{"start":{"line":1,"column":49},"end":{"line":9,"column":null}}}},"branchMap":{"0":{"loc":{"start":{"line":3,"column":2},"end":{"line":3,"column":null}},"type":"cond-expr","locations":[{"start":{"line":3,"column":2},"end":{"line":3,"column":null}},{"start":{"line":4,"column":27},"end":{"line":9,"column":null}}]},"1":{"loc":{"start":{"line":2,"column":23},"end":{"line":2,"column":52}},"type":"binary-expr","locations":[{"start":{"line":2,"column":23},"end":{"line":2,"column":52}},{"start":{"line":2,"column":53},"end":{"line":3,"column":1}}]},"2":{"loc":{"start":{"line":5,"column":2},"end":{"line":5,"column":null}},"type":"cond-expr","locations":[{"start":{"line":5,"column":2},"end":{"line":5,"column":null}},{"start":{"line":6,"column":28},"end":{"line":9,"column":null}}]},"3":{"loc":{"start":{"line":4,"column":27},"end":{"line":4,"column":40}},"type":"binary-expr","locations":[{"start":{"line":4,"column":27},"end":{"line":4,"column":40}},{"start":{"line":4,"column":41},"end":{"line":4,"column":null}}]},"4":{"loc":{"start":{"line":7,"column":2},"end":{"line":7,"column":null}},"type":"cond-expr","locations":[{"start":{"line":7,"column":2},"end":{"line":7,"column":null}},{"start":{"line":9,"column":2},"end":{"line":9,"column":null}}]}},"s":{"0":8},"f":{"0":8},"b":{"0":[8,0],"1":[8,8],"2":[0,0],"3":[0,0],"4":[0,0]}}
,"/Users/bk/dev/wefra-digitaler-baukasten/dark-mode/dist/webpack:/DarkMode/webpack/runtime/define property getters": {"path":"/Users/bk/dev/wefra-digitaler-baukasten/dark-mode/dist/webpack:/DarkMode/webpack/runtime/define property getters","statementMap":{"0":{"start":{"line":3,"column":1},"end":{"line":5,"column":null}},"1":{"start":{"line":4,"column":5},"end":{"line":5,"column":null}}},"fnMap":{"0":{"name":"(anonymous_32)","decl":{"start":{"line":2,"column":24},"end":{"line":2,"column":25}},"loc":{"start":{"line":2,"column":34},"end":{"line":5,"column":null}}}},"branchMap":{"0":{"loc":{"start":{"line":4,"column":5},"end":{"line":4,"column":48}},"type":"binary-expr","locations":[{"start":{"line":4,"column":5},"end":{"line":4,"column":48}},{"start":{"line":4,"column":39},"end":{"line":4,"column":null}},{"start":{"line":5,"column":3},"end":{"line":5,"column":null}}]}},"s":{"0":8,"1":8},"f":{"0":8},"b":{"0":[8,8,8]}}
,"/Users/bk/dev/wefra-digitaler-baukasten/dark-mode/dist/webpack:/DarkMode/webpack/runtime/hasOwnProperty shorthand": {"path":"/Users/bk/dev/wefra-digitaler-baukasten/dark-mode/dist/webpack:/DarkMode/webpack/runtime/hasOwnProperty shorthand","statementMap":{"0":{"start":{"line":1,"column":39},"end":{"line":1,"column":null}}},"fnMap":{"0":{"name":"(anonymous_33)","decl":{"start":{"line":1,"column":24},"end":{"line":1,"column":25}},"loc":{"start":{"line":1,"column":39},"end":{"line":1,"column":null}}}},"branchMap":{},"s":{"0":16},"f":{"0":16},"b":{}}
}
