TN:
SF:dist/webpack:/DarkMode/src/dark-mode.js
FN:1,o
FN:27,e
FN:55,(anonymous_15)
FN:59,(anonymous_16)
FN:62,(anonymous_17)
FN:75,(anonymous_18)
FN:79,(anonymous_19)
FN:95,(anonymous_20)
FN:123,(anonymous_21)
FN:129,(anonymous_22)
FN:151,(anonymous_23)
FN:155,(anonymous_24)
FN:156,(anonymous_25)
FN:161,(anonymous_26)
FN:186,(anonymous_27)
FN:197,(anonymous_28)
FN:205,(anonymous_29)
FN:258,(anonymous_30)
FNF:18
FNH:18
FNDA:358,o
FNDA:8,e
FNDA:1,(anonymous_15)
FNDA:1,(anonymous_16)
FNDA:14,(anonymous_17)
FNDA:16,(anonymous_18)
FNDA:4,(anonymous_19)
FNDA:17,(anonymous_20)
FNDA:17,(anonymous_21)
FNDA:8,(anonymous_22)
FNDA:38,(anonymous_23)
FNDA:7,(anonymous_24)
FNDA:3,(anonymous_25)
FNDA:7,(anonymous_26)
FNDA:16,(anonymous_27)
FNDA:8,(anonymous_28)
FNDA:7,(anonymous_29)
FNDA:15,(anonymous_30)
DA:1,742
DA:2,8
DA:4,8
DA:6,8
DA:27,8
DA:55,1
DA:59,1
DA:63,14
DA:64,1
DA:67,13
DA:75,16
DA:79,4
DA:80,3
DA:82,3
DA:83,3
DA:87,1
DA:96,17
DA:124,17
DA:125,17
DA:129,8
DA:131,8
DA:132,1
DA:135,7
DA:136,6
DA:137,1
DA:139,5
DA:140,1
DA:144,5
DA:152,38
DA:155,7
DA:156,7
DA:157,3
DA:162,7
DA:166,7
DA:167,7
DA:171,7
DA:172,7
DA:175,7
DA:176,7
DA:187,16
DA:197,8
DA:205,7
DA:206,7
DA:208,7
DA:249,7
DA:250,7
DA:255,15
DA:256,15
DA:257,15
DA:258,15
DA:259,15
DA:264,15
LF:52
LH:52
BRDA:1,0,0,319
BRDA:1,0,1,400
BRDA:27,1,0,5
BRDA:27,1,1,3
BRDA:27,2,0,8
BRDA:27,2,1,5
BRDA:35,3,0,8
BRDA:35,3,1,0
BRDA:41,4,0,8
BRDA:41,4,1,7
BRDA:42,5,0,7
BRDA:42,5,1,7
BRDA:55,6,0,8
BRDA:63,7,0,1
BRDA:63,7,1,13
BRDA:67,8,0,13
BRDA:67,8,1,12
BRDA:79,9,0,1
BRDA:79,9,1,3
BRDA:88,10,0,1
BRDA:88,10,1,0
BRDA:98,11,0,17
BRDA:98,11,1,7
BRDA:99,12,0,7
BRDA:99,12,1,1
BRDA:102,13,0,7
BRDA:102,13,1,7
BRDA:107,14,0,17
BRDA:107,14,1,10
BRDA:108,15,0,10
BRDA:108,15,1,10
BRDA:111,16,0,10
BRDA:111,16,1,1
BRDA:116,17,0,17
BRDA:116,17,1,16
BRDA:131,18,0,1
BRDA:131,18,1,7
BRDA:135,19,0,6
BRDA:135,19,1,1
BRDA:136,20,0,1
BRDA:136,20,1,5
BRDA:139,21,0,1
BRDA:139,21,1,4
BRDA:145,22,0,1
BRDA:145,22,1,4
BRDA:152,23,0,38
BRDA:152,23,1,21
BRDA:157,24,0,1
BRDA:157,24,1,2
BRDA:162,25,0,7
BRDA:162,25,1,0
BRDA:187,26,0,16
BRDA:187,26,1,16
BRDA:187,26,2,16
BRDA:187,26,3,14
BRDA:201,27,0,7
BRDA:201,27,1,1
BRDA:255,28,0,7
BRDA:255,28,1,8
BRDA:255,29,0,15
BRDA:255,29,1,7
BRDA:255,30,0,15
BRDA:255,30,1,0
BRDA:255,30,2,0
BRDA:260,31,0,15
BRDA:260,31,1,0
BRF:66
BRH:60
end_of_record
TN:
SF:dist/webpack:/DarkMode/webpack/bootstrap
FN:5,n
FNF:1
FNH:1
FNDA:8,n
DA:2,8
DA:7,8
DA:8,0
DA:11,8
DA:21,8
LF:5
LH:4
BRDA:7,0,0,0
BRDA:7,0,1,8
BRF:2
BRH:1
end_of_record
TN:
SF:dist/webpack:/DarkMode/webpack/startup
FNF:0
FNH:0
DA:4,8
LF:1
LH:1
BRF:0
BRH:0
end_of_record
TN:
SF:dist/webpack:/DarkMode/webpack/universalModuleDefinition
FN:1,(anonymous_0)
FNF:1
FNH:1
FNDA:8,(anonymous_0)
DA:2,8
LF:1
LH:1
BRDA:3,0,0,8
BRDA:3,0,1,0
BRDA:2,1,0,8
BRDA:2,1,1,8
BRDA:5,2,0,0
BRDA:5,2,1,0
BRDA:4,3,0,0
BRDA:4,3,1,0
BRDA:7,4,0,0
BRDA:7,4,1,0
BRF:10
BRH:3
end_of_record
TN:
SF:dist/webpack:/DarkMode/webpack/runtime/define property getters
FN:2,(anonymous_32)
FNF:1
FNH:1
FNDA:8,(anonymous_32)
DA:3,8
DA:4,8
LF:2
LH:2
BRDA:4,0,0,8
BRDA:4,0,1,8
BRDA:4,0,2,8
BRF:3
BRH:3
end_of_record
TN:
SF:dist/webpack:/DarkMode/webpack/runtime/hasOwnProperty shorthand
FN:1,(anonymous_33)
FNF:1
FNH:1
FNDA:16,(anonymous_33)
DA:1,16
LF:1
LH:1
BRF:0
BRH:0
end_of_record
